# JRE version: Java(TM) SE Runtime Environment (12.0.1+12) (build 12.0.1+12)
# Java VM: Java HotSpot(TM) 64-Bit Server VM (12.0.1+12, mixed mode, sharing, tiered, compressed oops, g1 gc, windows-amd64)
Heap:
 garbage-first heap   total 313344K, used 193346K [0x0000000602400000, 0x0000000800000000)
  region size 2048K, 71 young (145408K), 3 survivors (6144K)
 Metaspace       used 60367K, capacity 62055K, committed 62172K, reserved 1101824K
  class space    used 8266K, capacity 8915K, committed 9032K, reserved 1048576K
GC Heap History (10 events):
Event: 4.088 GC heap after
{Heap after GC invocations=13 (full 0):
 garbage-first heap   total 102400K, used 35597K [0x0000000602400000, 0x0000000800000000)
  region size 2048K, 3 young (6144K), 3 survivors (6144K)
 Metaspace       used 53546K, capacity 55110K, committed 55324K, reserved 1097728K
  class space    used 7334K, capacity 7910K, committed 8008K, reserved 1048576K
}
Event: 5.968 GC heap before
{Heap before GC invocations=13 (full 0):
 garbage-first heap   total 102400K, used 78605K [0x0000000602400000, 0x0000000800000000)
  region size 2048K, 24 young (49152K), 3 survivors (6144K)
 Metaspace       used 56282K, capacity 57969K, committed 58268K, reserved 1099776K
  class space    used 7691K, capacity 8323K, committed 8392K, reserved 1048576K
}
Event: 5.973 GC heap after
{Heap after GC invocations=14 (full 0):
 garbage-first heap   total 102400K, used 36789K [0x0000000602400000, 0x0000000800000000)
  region size 2048K, 3 young (6144K), 3 survivors (6144K)
 Metaspace       used 56282K, capacity 57969K, committed 58268K, reserved 1099776K
  class space    used 7691K, capacity 8323K, committed 8392K, reserved 1048576K
}
Event: 6.284 GC heap before
{Heap before GC invocations=14 (full 0):
 garbage-first heap   total 102400K, used 55221K [0x0000000602400000, 0x0000000800000000)
  region size 2048K, 13 young (26624K), 3 survivors (6144K)
 Metaspace       used 58859K, capacity 60547K, committed 60636K, reserved 1101824K
  class space    used 8050K, capacity 8692K, committed 8776K, reserved 1048576K
}
Event: 6.290 GC heap after
{Heap after GC invocations=15 (full 0):
 garbage-first heap   total 102400K, used 38876K [0x0000000602400000, 0x0000000800000000)
  region size 2048K, 2 young (4096K), 2 survivors (4096K)
 Metaspace       used 58859K, capacity 60547K, committed 60636K, reserved 1101824K
  class space    used 8050K, capacity 8692K, committed 8776K, reserved 1048576K
}
Event: 283.242 GC heap before
{Heap before GC invocations=16 (full 0):
 garbage-first heap   total 102400K, used 77788K [0x0000000602400000, 0x0000000800000000)
  region size 2048K, 22 young (45056K), 2 survivors (4096K)
 Metaspace       used 59504K, capacity 61144K, committed 61404K, reserved 1101824K
  class space    used 8149K, capacity 8763K, committed 8776K, reserved 1048576K
}
Event: 283.248 GC heap after
{Heap after GC invocations=17 (full 0):
 garbage-first heap   total 313344K, used 39557K [0x0000000602400000, 0x0000000800000000)
  region size 2048K, 2 young (4096K), 2 survivors (4096K)
 Metaspace       used 59504K, capacity 61144K, committed 61404K, reserved 1101824K
  class space    used 8149K, capacity 8763K, committed 8776K, reserved 1048576K
}
Event: 940.362 GC heap before
{Heap before GC invocations=17 (full 0):
 garbage-first heap   total 313344K, used 176773K [0x0000000602400000, 0x0000000800000000)
  region size 2048K, 63 young (129024K), 2 survivors (4096K)
 Metaspace       used 60166K, capacity 61870K, committed 62044K, reserved 1101824K
  class space    used 8241K, capacity 8876K, committed 8904K, reserved 1048576K
}
Event: 940.364 GC heap after
{Heap after GC invocations=18 (full 0):
 garbage-first heap   total 313344K, used 43842K [0x0000000602400000, 0x0000000800000000)
  region size 2048K, 4 young (8192K), 4 survivors (8192K)
 Metaspace       used 60166K, capacity 61870K, committed 62044K, reserved 1101824K
  class space    used 8241K, capacity 8876K, committed 8904K, reserved 1048576K
}
Event: 1961.251 GC heap before
{Heap before GC invocations=18 (full 0):
 garbage-first heap   total 313344K, used 191298K [0x0000000602400000, 0x0000000800000000)
  region size 2048K, 72 young (147456K), 4 survivors (8192K)
 Metaspace       used 60367K, capacity 62055K, committed 62172K, reserved 1101824K
  class space    used 8266K, capacity 8915K, committed 9032K, reserved 1048576K
}

